Arguments: 
  /usr/local/Cellar/node/12.4.0/bin/node /usr/local/bin/yarn install

PATH: 
  /Users/max/bin:/usr/local/opt/icu4c/sbin:/usr/local/opt/icu4c/bin:/Users/max/.jabba/jdk/1.8.192/Contents/Home/bin:/usr/local/bin:/usr/bin:/bin:/usr/sbin:/sbin:/usr/local/laps:/usr/local/munki:/opt/X11/bin:/Users/max/bin:/usr/local/opt/icu4c/sbin:/usr/local/opt/icu4c/bin:/Users/max/.jabba/jdk/1.8.192/Contents/Home/bin

Yarn version: 
  1.16.0

Node version: 
  12.4.0

Platform: 
  darwin x64

Trace: 
  SyntaxError: /Users/max/src/pihanga/packages/draftjs-plugins/package.json: Unexpected token } in JSON at position 781
      at JSON.parse (<anonymous>)
      at /usr/local/lib/node_modules/yarn/lib/cli.js:1625:59
      at Generator.next (<anonymous>)
      at step (/usr/local/lib/node_modules/yarn/lib/cli.js:304:30)
      at /usr/local/lib/node_modules/yarn/lib/cli.js:315:13

npm manifest: 
  {
    "name": "@pihanga/draftjs-plugins",
    "version": "0.0.6",
    "description": "A set of plugins for the Pihanga draft-js editor",
    "license": "MIT",
    "author": "Max Ott <max@winlab.rutgers.edu> (http://linkedin.com/in/max-ott)",
    "keywords": [
      "Pihanga Framework",
      "draft-js"
    ],
    "publishConfig": {
      "access": "public"
    },
    "main": "lib/index.js",
    "types": "lib/index.d.ts",
    "scripts": {
      "build": "rm -r ./lib && tsc && cp src/editor/draft.css lib/editor",
      "lint": "eslint \"src/**\"",
      "test": "jest --config jestconfig.json",
      "prepare": "npm run build",
      "x-prepublishOnly": "npm test && npm run lint",
      "x-preversion": "npm run lint"
    },
    "dependencies": {
      "@pihanga/draftjs-core": "^0.0.6",
      "immutable": "^4.0.0-rc.12",
    },
    "peerDependencies": {
      "@material-ui/core": "^4.6.0-0",
      "@pihanga/core": "^0.4.0-0",
      "@pihanga/material-ui": "^0.4.0-0",
      "react": "^16.12.0-0",
      "react-dom": "^16.12.0-0"
    },
    "devDependencies": {
      "@material-ui/core": "^4.6.0",
      "@pihanga/core": "^0.4.6",
      "@pihanga/material-ui": "^0.4.6",
      "@types/draft-js": "^0.10.37",
      "@types/jest": "^25.1.0",
      "@types/react": "^16.9.0",
      "eslint": "^6.8.0",
      "@typescript-eslint/parser": "^2.18.0",
      "@typescript-eslint/eslint-plugin": "^2.18.0",
      "eslint-config-airbnb": "^18.0.1",
      "eslint-plugin-import": "^2.20.0",
      "eslint-plugin-jsx-a11y": "^6.2.3",
      "eslint-plugin-react": "^7.18.0",
      "eslint-plugin-react-hooks": "^1.7.0",
      "jest": "^25.1.0",
      "prettier": "^1.19.1",
      "react": "^16.12.0",
      "react-dom": "^16.12.0",
      "ts-jest": "^25.0.0",
      "typescript": "^3.7.5"
    },
    "files": [
      "lib/**/*"
    ]
  }

yarn manifest: 
  No manifest

Lockfile: 
  No lockfile
